<?xml version="1.0" encoding="UTF-8"?>
<!-- Generated by org.testng.reporters.JUnitXMLReporter -->
<testsuite ignored="0" hostname="LAPTOP-8E91KTDJ" failures="0" tests="5" name="Default test" time="44.639" errors="0" timestamp="2023-07-13T10:50:47 EDT">
  <testcase classname="com.TutorialsNinja.Qa.TestCases.Register_Test" name="verifyRegisteringAnAccountwithMandatoryFields" time="2.185"/>
  <testcase classname="com.TutorialsNinja.Qa.TestCases.Register_Test" name="verifyRegisteringAnAccountwithAllFields" time="2.078"/>
  <testcase classname="com.TutorialsNinja.Qa.TestCases.Register_Test" name="verifyRegisteringAnAccountwithExistingEmailAddress" time="1.57"/>
  <testcase classname="com.TutorialsNinja.Qa.TestCases.Register_Test" name="verifyRegisteringAnAccountWithOutFillingAnyDetails" time="0.965"/>
  <testcase classname="com.TutorialsNinja.Qa.TestCases.Register_Test" name="verifyRegisteringAnAccountWarningStatusWithoutFillingAnyDetails" time="0.91"/>
</testsuite> <!-- Default test -->
